[debug] [2024-05-10T20:32:41.291Z] ----------------------------------------------------------------------
[debug] [2024-05-10T20:32:41.293Z] Command:       /home/wirbel/.nvm/versions/node/v20.13.1/bin/node /usr/local/bin/firebase serve --only hosting --project tinex
[debug] [2024-05-10T20:32:41.294Z] CLI Version:   13.8.2
[debug] [2024-05-10T20:32:41.294Z] Platform:      linux
[debug] [2024-05-10T20:32:41.294Z] Node Version:  v20.13.1
[debug] [2024-05-10T20:32:41.294Z] Time:          Fri May 10 2024 23:32:41 GMT+0300 (Eastern European Summer Time)
[debug] [2024-05-10T20:32:41.294Z] ----------------------------------------------------------------------
[debug] 
[debug] [2024-05-10T20:32:41.401Z] > command requires scopes: ["email","openid","https://www.googleapis.com/auth/cloudplatformprojects.readonly","https://www.googleapis.com/auth/firebase","https://www.googleapis.com/auth/cloud-platform"]
[debug] [2024-05-10T20:32:41.402Z] > authorizing via signed-in user (mckinley55x@gmail.com)
[debug] [2024-05-10T20:32:41.402Z] [iam] checking project tinex for permissions ["firebase.projects.get"]
[debug] [2024-05-10T20:32:41.404Z] >>> [apiv2][query] POST https://cloudresourcemanager.googleapis.com/v1/projects/tinex:testIamPermissions [none]
[debug] [2024-05-10T20:32:41.405Z] >>> [apiv2][(partial)header] POST https://cloudresourcemanager.googleapis.com/v1/projects/tinex:testIamPermissions x-goog-quota-user=projects/tinex
[debug] [2024-05-10T20:32:41.405Z] >>> [apiv2][body] POST https://cloudresourcemanager.googleapis.com/v1/projects/tinex:testIamPermissions {"permissions":["firebase.projects.get"]}
[debug] [2024-05-10T20:32:42.314Z] <<< [apiv2][status] POST https://cloudresourcemanager.googleapis.com/v1/projects/tinex:testIamPermissions 200
[debug] [2024-05-10T20:32:42.316Z] <<< [apiv2][body] POST https://cloudresourcemanager.googleapis.com/v1/projects/tinex:testIamPermissions {}
[debug] [2024-05-10T20:32:42.316Z] [iam] error while checking permissions, command may fail: FirebaseError: Authorization failed. This account is missing the following required permissions on project tinex:

  firebase.projects.get
[debug] [2024-05-10T20:32:42.318Z] >>> [apiv2][query] GET https://firebase.googleapis.com/v1beta1/projects/tinex [none]
[debug] [2024-05-10T20:32:42.816Z] <<< [apiv2][status] GET https://firebase.googleapis.com/v1beta1/projects/tinex 403
[debug] [2024-05-10T20:32:42.816Z] <<< [apiv2][body] GET https://firebase.googleapis.com/v1beta1/projects/tinex {"error":{"code":403,"message":"The caller does not have permission","status":"PERMISSION_DENIED"}}
[debug] [2024-05-10T20:32:42.818Z] HTTP Error: 403, The caller does not have permission
[debug] [2024-05-10T20:32:42.940Z] FirebaseError: HTTP Error: 403, The caller does not have permission
    at responseToError (/usr/local/lib/node_modules/firebase-tools/lib/responseToError.js:49:12)
    at RetryOperation._fn (/usr/local/lib/node_modules/firebase-tools/lib/apiv2.js:305:77)
    at process.processTicksAndRejections (node:internal/process/task_queues:95:5)
[error] 
[error] Error: Failed to get Firebase project tinex. Please make sure the project exists and your account has permission to access it.
